<?xml version="1.0" encoding="UTF-8"?>
<!-- Generated by org.testng.reporters.JUnitXMLReporter -->
<testsuite ignored="0" hostname="DESKTOP-O1MTOUR" failures="0" tests="3" name="Surefire test" time="54.107" errors="0" timestamp="14 Mar 2024 12:28:08 GMT">
  <testcase classname="com.AutomationTalks.demoProject.TestClass1" name="Test1" time="15.399"/>
  <testcase classname="com.AutomationTalks.demoProject.TestClass1" name="Test2" time="10.281"/>
  <testcase classname="com.AutomationTalks.demoProject.TestClass1" name="Test3" time="22.059"/>
</testsuite> <!-- Surefire test -->
