<?xml version="1.0" encoding="UTF-8"?>
<!-- Generated by org.testng.reporters.JUnitXMLReporter -->
<testsuite ignored="0" hostname="DESKTOP-O1MTOUR" failures="0" tests="3" name="Surefire test" time="37.747" errors="0" timestamp="18 Mar 2024 10:39:15 GMT">
  <testcase classname="com.AutomationTalks.demoProject.TestClass1" name="Test1" time="12.136"/>
  <testcase classname="com.AutomationTalks.demoProject.TestClass1" name="Test2" time="9.933"/>
  <testcase classname="com.AutomationTalks.demoProject.TestClass1" name="Test3" time="6.947"/>
</testsuite> <!-- Surefire test -->
