<?xml version="1.0" encoding="UTF-8"?>
<!-- Generated by org.testng.reporters.JUnitXMLReporter -->
<testsuite ignored="0" hostname="DESKTOP-O1MTOUR" failures="0" tests="3" name="Default test" time="42.864" errors="0" timestamp="17 Mar 2024 06:54:10 GMT">
  <testcase classname="com.AutomationTalks.demoProject.TestClass1" name="Test1" time="14.515"/>
  <testcase classname="com.AutomationTalks.demoProject.TestClass1" name="Test2" time="8.387"/>
  <testcase classname="com.AutomationTalks.demoProject.TestClass1" name="Test3" time="11.577"/>
</testsuite> <!-- Default test -->
