<?xml version="1.0" encoding="UTF-8"?>
<testng-results ignored="0" total="3" passed="3" failed="0" skipped="0">
  <reporter-output>
  </reporter-output>
  <suite started-at="2024-03-18T10:38:37Z" name="Surefire suite" finished-at="2024-03-18T10:39:15Z" duration-ms="37747">
    <groups>
    </groups>
    <test started-at="2024-03-18T10:38:37Z" name="Surefire test" finished-at="2024-03-18T10:39:15Z" duration-ms="37747">
      <class name="com.AutomationTalks.demoProject.TestClass1">
        <test-method is-config="true" signature="launchDriver()[pri:0, instance:com.AutomationTalks.demoProject.TestClass1@55141def]" started-at="2024-03-18T10:38:37Z" name="launchDriver" finished-at="2024-03-18T10:38:43Z" duration-ms="5123" status="PASS">
          <reporter-output>
          </reporter-output>
        </test-method> <!-- launchDriver -->
        <test-method signature="Test1()[pri:0, instance:com.AutomationTalks.demoProject.TestClass1@55141def]" started-at="2024-03-18T10:38:43Z" name="Test1" finished-at="2024-03-18T10:38:55Z" duration-ms="12136" status="PASS">
          <reporter-output>
          </reporter-output>
        </test-method> <!-- Test1 -->
        <test-method is-config="true" signature="quit()[pri:0, instance:com.AutomationTalks.demoProject.TestClass1@55141def]" started-at="2024-03-18T10:38:55Z" name="quit" finished-at="2024-03-18T10:38:55Z" duration-ms="567" status="PASS">
          <reporter-output>
          </reporter-output>
        </test-method> <!-- quit -->
        <test-method is-config="true" signature="launchDriver()[pri:0, instance:com.AutomationTalks.demoProject.TestClass1@55141def]" started-at="2024-03-18T10:38:55Z" name="launchDriver" finished-at="2024-03-18T10:38:56Z" duration-ms="1224" status="PASS">
          <reporter-output>
          </reporter-output>
        </test-method> <!-- launchDriver -->
        <test-method signature="Test2()[pri:0, instance:com.AutomationTalks.demoProject.TestClass1@55141def]" started-at="2024-03-18T10:38:56Z" name="Test2" finished-at="2024-03-18T10:39:06Z" duration-ms="9933" status="PASS">
          <reporter-output>
          </reporter-output>
        </test-method> <!-- Test2 -->
        <test-method is-config="true" signature="quit()[pri:0, instance:com.AutomationTalks.demoProject.TestClass1@55141def]" started-at="2024-03-18T10:39:06Z" name="quit" finished-at="2024-03-18T10:39:07Z" duration-ms="246" status="PASS">
          <reporter-output>
          </reporter-output>
        </test-method> <!-- quit -->
        <test-method is-config="true" signature="launchDriver()[pri:0, instance:com.AutomationTalks.demoProject.TestClass1@55141def]" started-at="2024-03-18T10:39:07Z" name="launchDriver" finished-at="2024-03-18T10:39:08Z" duration-ms="1398" status="PASS">
          <reporter-output>
          </reporter-output>
        </test-method> <!-- launchDriver -->
        <test-method signature="Test3()[pri:0, instance:com.AutomationTalks.demoProject.TestClass1@55141def]" started-at="2024-03-18T10:39:08Z" name="Test3" finished-at="2024-03-18T10:39:15Z" duration-ms="6947" status="PASS">
          <reporter-output>
          </reporter-output>
        </test-method> <!-- Test3 -->
        <test-method is-config="true" signature="quit()[pri:0, instance:com.AutomationTalks.demoProject.TestClass1@55141def]" started-at="2024-03-18T10:39:15Z" name="quit" finished-at="2024-03-18T10:39:15Z" duration-ms="147" status="PASS">
          <reporter-output>
          </reporter-output>
        </test-method> <!-- quit -->
      </class> <!-- com.AutomationTalks.demoProject.TestClass1 -->
    </test> <!-- Surefire test -->
  </suite> <!-- Surefire suite -->
</testng-results>
