<?xml version="1.0" encoding="UTF-8"?>
<testng-results ignored="0" total="3" passed="3" failed="0" skipped="0">
  <reporter-output>
  </reporter-output>
  <suite started-at="2024-03-14T12:27:14Z" name="Surefire suite" finished-at="2024-03-14T12:28:08Z" duration-ms="54107">
    <groups>
    </groups>
    <test started-at="2024-03-14T12:27:14Z" name="Surefire test" finished-at="2024-03-14T12:28:08Z" duration-ms="54107">
      <class name="com.AutomationTalks.demoProject.TestClass1">
        <test-method is-config="true" signature="launchDriver()[pri:0, instance:com.AutomationTalks.demoProject.TestClass1@55141def]" started-at="2024-03-14T12:27:14Z" name="launchDriver" finished-at="2024-03-14T12:27:17Z" duration-ms="3127" status="PASS">
          <reporter-output>
          </reporter-output>
        </test-method> <!-- launchDriver -->
        <test-method signature="Test1()[pri:0, instance:com.AutomationTalks.demoProject.TestClass1@55141def]" started-at="2024-03-14T12:27:17Z" name="Test1" finished-at="2024-03-14T12:27:33Z" duration-ms="15399" status="PASS">
          <reporter-output>
          </reporter-output>
        </test-method> <!-- Test1 -->
        <test-method is-config="true" signature="quit()[pri:0, instance:com.AutomationTalks.demoProject.TestClass1@55141def]" started-at="2024-03-14T12:27:33Z" name="quit" finished-at="2024-03-14T12:27:33Z" duration-ms="145" status="PASS">
          <reporter-output>
          </reporter-output>
        </test-method> <!-- quit -->
        <test-method is-config="true" signature="launchDriver()[pri:0, instance:com.AutomationTalks.demoProject.TestClass1@55141def]" started-at="2024-03-14T12:27:33Z" name="launchDriver" finished-at="2024-03-14T12:27:34Z" duration-ms="1245" status="PASS">
          <reporter-output>
          </reporter-output>
        </test-method> <!-- launchDriver -->
        <test-method signature="Test2()[pri:0, instance:com.AutomationTalks.demoProject.TestClass1@55141def]" started-at="2024-03-14T12:27:34Z" name="Test2" finished-at="2024-03-14T12:27:44Z" duration-ms="10281" status="PASS">
          <reporter-output>
          </reporter-output>
        </test-method> <!-- Test2 -->
        <test-method is-config="true" signature="quit()[pri:0, instance:com.AutomationTalks.demoProject.TestClass1@55141def]" started-at="2024-03-14T12:27:44Z" name="quit" finished-at="2024-03-14T12:27:45Z" duration-ms="264" status="PASS">
          <reporter-output>
          </reporter-output>
        </test-method> <!-- quit -->
        <test-method is-config="true" signature="launchDriver()[pri:0, instance:com.AutomationTalks.demoProject.TestClass1@55141def]" started-at="2024-03-14T12:27:45Z" name="launchDriver" finished-at="2024-03-14T12:27:46Z" duration-ms="1298" status="PASS">
          <reporter-output>
          </reporter-output>
        </test-method> <!-- launchDriver -->
        <test-method signature="Test3()[pri:0, instance:com.AutomationTalks.demoProject.TestClass1@55141def]" started-at="2024-03-14T12:27:46Z" name="Test3" finished-at="2024-03-14T12:28:08Z" duration-ms="22059" status="PASS">
          <reporter-output>
          </reporter-output>
        </test-method> <!-- Test3 -->
        <test-method is-config="true" signature="quit()[pri:0, instance:com.AutomationTalks.demoProject.TestClass1@55141def]" started-at="2024-03-14T12:28:08Z" name="quit" finished-at="2024-03-14T12:28:08Z" duration-ms="256" status="PASS">
          <reporter-output>
          </reporter-output>
        </test-method> <!-- quit -->
      </class> <!-- com.AutomationTalks.demoProject.TestClass1 -->
    </test> <!-- Surefire test -->
  </suite> <!-- Surefire suite -->
</testng-results>
