<?xml version="1.0" encoding="UTF-8"?>
<testsuite xmlns:xsi="http://www.w3.org/2001/XMLSchema-instance" xsi:noNamespaceSchemaLocation="https://maven.apache.org/surefire/maven-surefire-plugin/xsd/surefire-test-report.xsd" name="com.AutomationTalks.demoProject.TestClass1" time="54.752" tests="3" errors="0" skipped="0" failures="0">
  <properties>
[...]
</properties>
  <testcase name="Test1" classname="com.AutomationTalks.demoProject.TestClass1" time="15.406"/>
  <testcase name="Test2" classname="com.AutomationTalks.demoProject.TestClass1" time="10.281"/>
  <testcase name="Test3" classname="com.AutomationTalks.demoProject.TestClass1" time="22.059"/>
</testsuite>