<?xml version="1.0" encoding="UTF-8"?>
<testng-results ignored="0" total="3" passed="3" failed="0" skipped="0">
  <reporter-output>
  </reporter-output>
  <suite started-at="2024-03-17T06:53:27Z" name="Default suite" finished-at="2024-03-17T06:54:10Z" duration-ms="42864">
    <groups>
    </groups>
    <test started-at="2024-03-17T06:53:27Z" name="Default test" finished-at="2024-03-17T06:54:10Z" duration-ms="42864">
      <class name="com.AutomationTalks.demoProject.TestClass1">
        <test-method is-config="true" signature="launchDriver()[pri:0, instance:com.AutomationTalks.demoProject.TestClass1@38831718]" started-at="2024-03-17T06:53:27Z" name="launchDriver" finished-at="2024-03-17T06:53:31Z" duration-ms="4595" status="PASS">
          <reporter-output>
          </reporter-output>
        </test-method> <!-- launchDriver -->
        <test-method signature="Test1()[pri:0, instance:com.AutomationTalks.demoProject.TestClass1@38831718]" started-at="2024-03-17T06:53:31Z" name="Test1" finished-at="2024-03-17T06:53:46Z" duration-ms="14515" status="PASS">
          <reporter-output>
          </reporter-output>
        </test-method> <!-- Test1 -->
        <test-method is-config="true" signature="quit()[pri:0, instance:com.AutomationTalks.demoProject.TestClass1@38831718]" started-at="2024-03-17T06:53:46Z" name="quit" finished-at="2024-03-17T06:53:46Z" duration-ms="334" status="PASS">
          <reporter-output>
          </reporter-output>
        </test-method> <!-- quit -->
        <test-method is-config="true" signature="launchDriver()[pri:0, instance:com.AutomationTalks.demoProject.TestClass1@38831718]" started-at="2024-03-17T06:53:46Z" name="launchDriver" finished-at="2024-03-17T06:53:48Z" duration-ms="1379" status="PASS">
          <reporter-output>
          </reporter-output>
        </test-method> <!-- launchDriver -->
        <test-method signature="Test2()[pri:0, instance:com.AutomationTalks.demoProject.TestClass1@38831718]" started-at="2024-03-17T06:53:48Z" name="Test2" finished-at="2024-03-17T06:53:56Z" duration-ms="8387" status="PASS">
          <reporter-output>
          </reporter-output>
        </test-method> <!-- Test2 -->
        <test-method is-config="true" signature="quit()[pri:0, instance:com.AutomationTalks.demoProject.TestClass1@38831718]" started-at="2024-03-17T06:53:56Z" name="quit" finished-at="2024-03-17T06:53:56Z" duration-ms="385" status="PASS">
          <reporter-output>
          </reporter-output>
        </test-method> <!-- quit -->
        <test-method is-config="true" signature="launchDriver()[pri:0, instance:com.AutomationTalks.demoProject.TestClass1@38831718]" started-at="2024-03-17T06:53:56Z" name="launchDriver" finished-at="2024-03-17T06:53:58Z" duration-ms="1378" status="PASS">
          <reporter-output>
          </reporter-output>
        </test-method> <!-- launchDriver -->
        <test-method signature="Test3()[pri:0, instance:com.AutomationTalks.demoProject.TestClass1@38831718]" started-at="2024-03-17T06:53:58Z" name="Test3" finished-at="2024-03-17T06:54:09Z" duration-ms="11577" status="PASS">
          <reporter-output>
          </reporter-output>
        </test-method> <!-- Test3 -->
        <test-method is-config="true" signature="quit()[pri:0, instance:com.AutomationTalks.demoProject.TestClass1@38831718]" started-at="2024-03-17T06:54:09Z" name="quit" finished-at="2024-03-17T06:54:10Z" duration-ms="276" status="PASS">
          <reporter-output>
          </reporter-output>
        </test-method> <!-- quit -->
      </class> <!-- com.AutomationTalks.demoProject.TestClass1 -->
    </test> <!-- Default test -->
  </suite> <!-- Default suite -->
</testng-results>
